<?xml version="1.0" encoding="UTF-8"?>
<testsuite xmlns:xsi="http://www.w3.org/2001/XMLSchema-instance" xsi:noNamespaceSchemaLocation="https://maven.apache.org/surefire/maven-surefire-plugin/xsd/surefire-test-report-3.0.xsd" version="3.0" name="com.bookingmx.reservations.ReservationServiceTest" time="0.048" tests="9" errors="0" skipped="0" failures="0">
  <properties>
[...]
</properties>
  <testcase name="testCreateReservationDuplicateId" classname="com.bookingmx.reservations.ReservationServiceTest" time="0.017"/>
  <testcase name="testEditReservationNotFound" classname="com.bookingmx.reservations.ReservationServiceTest" time="0.001"/>
  <testcase name="testCancelReservationNotFound" classname="com.bookingmx.reservations.ReservationServiceTest" time="0.0"/>
  <testcase name="testGetNonExistentReservation" classname="com.bookingmx.reservations.ReservationServiceTest" time="0.002"/>
  <testcase name="testCreateReservationSuccess" classname="com.bookingmx.reservations.ReservationServiceTest" time="0.002"/>
  <testcase name="testEditReservation" classname="com.bookingmx.reservations.ReservationServiceTest" time="0.001"/>
  <testcase name="testCreateReservationEmptyName" classname="com.bookingmx.reservations.ReservationServiceTest" time="0.001"/>
  <testcase name="testCreateReservationNullName" classname="com.bookingmx.reservations.ReservationServiceTest" time="0.001"/>
  <testcase name="testCancelReservation" classname="com.bookingmx.reservations.ReservationServiceTest" time="0.001"/>
</testsuite>