{"C:\\Users\\Jesus Martinez\\Documents\\Escritorio\\Becalos\\Challenge 7 - Java and JavaScript. Programming Procedures\\JavaProgrammingTests\\src\\graph.js": {"path":"C:\\Users\\Jesus Martinez\\Documents\\Escritorio\\Becalos\\Challenge 7 - Java and JavaScript. Programming Procedures\\JavaProgrammingTests\\src\\graph.js","statementMap":{"0":{"start":{"line":10,"column":4},"end":{"line":10,"column":18}},"1":{"start":{"line":14,"column":4},"end":{"line":14,"column":61}},"2":{"start":{"line":14,"column":15},"end":{"line":14,"column":61}},"3":{"start":{"line":15,"column":4},"end":{"line":15,"column":45}},"4":{"start":{"line":15,"column":25},"end":{"line":15,"column":45}},"5":{"start":{"line":19,"column":4},"end":{"line":19,"column":71}},"6":{"start":{"line":19,"column":26},"end":{"line":19,"column":71}},"7":{"start":{"line":20,"column":4},"end":{"line":20,"column":80}},"8":{"start":{"line":20,"column":25},"end":{"line":20,"column":80}},"9":{"start":{"line":21,"column":4},"end":{"line":21,"column":24}},"10":{"start":{"line":22,"column":4},"end":{"line":22,"column":24}},"11":{"start":{"line":23,"column":4},"end":{"line":23,"column":40}},"12":{"start":{"line":24,"column":4},"end":{"line":24,"column":40}},"13":{"start":{"line":28,"column":4},"end":{"line":28,"column":73}},"14":{"start":{"line":28,"column":25},"end":{"line":28,"column":73}},"15":{"start":{"line":29,"column":4},"end":{"line":29,"column":39}},"16":{"start":{"line":33,"column":4},"end":{"line":35,"column":5}},"17":{"start":{"line":34,"column":6},"end":{"line":34,"column":64}},"18":{"start":{"line":36,"column":4},"end":{"line":36,"column":42}},"19":{"start":{"line":43,"column":4},"end":{"line":43,"column":73}},"20":{"start":{"line":43,"column":25},"end":{"line":43,"column":73}},"21":{"start":{"line":44,"column":4},"end":{"line":46,"column":37}},"22":{"start":{"line":45,"column":33},"end":{"line":45,"column":56}},"23":{"start":{"line":46,"column":27},"end":{"line":46,"column":35}},"24":{"start":{"line":50,"column":0},"end":{"line":50,"column":27}}},"fnMap":{"0":{"name":"(anonymous_0)","decl":{"start":{"line":8,"column":2},"end":{"line":8,"column":3}},"loc":{"start":{"line":8,"column":16},"end":{"line":11,"column":3}},"line":8},"1":{"name":"(anonymous_1)","decl":{"start":{"line":13,"column":2},"end":{"line":13,"column":3}},"loc":{"start":{"line":13,"column":16},"end":{"line":16,"column":3}},"line":13},"2":{"name":"(anonymous_2)","decl":{"start":{"line":18,"column":2},"end":{"line":18,"column":3}},"loc":{"start":{"line":18,"column":42},"end":{"line":25,"column":3}},"line":18},"3":{"name":"(anonymous_3)","decl":{"start":{"line":27,"column":2},"end":{"line":27,"column":3}},"loc":{"start":{"line":27,"column":24},"end":{"line":30,"column":3}},"line":27},"4":{"name":"(anonymous_4)","decl":{"start":{"line":32,"column":2},"end":{"line":32,"column":3}},"loc":{"start":{"line":32,"column":28},"end":{"line":37,"column":3}},"line":32},"5":{"name":"(anonymous_5)","decl":{"start":{"line":42,"column":2},"end":{"line":42,"column":3}},"loc":{"start":{"line":42,"column":41},"end":{"line":47,"column":3}},"line":42},"6":{"name":"(anonymous_6)","decl":{"start":{"line":45,"column":14},"end":{"line":45,"column":15}},"loc":{"start":{"line":45,"column":33},"end":{"line":45,"column":56}},"line":45},"7":{"name":"(anonymous_7)","decl":{"start":{"line":46,"column":11},"end":{"line":46,"column":12}},"loc":{"start":{"line":46,"column":27},"end":{"line":46,"column":35}},"line":46}},"branchMap":{"0":{"loc":{"start":{"line":14,"column":4},"end":{"line":14,"column":61}},"type":"if","locations":[{"start":{"line":14,"column":4},"end":{"line":14,"column":61}},{"start":{},"end":{}}],"line":14},"1":{"loc":{"start":{"line":15,"column":4},"end":{"line":15,"column":45}},"type":"if","locations":[{"start":{"line":15,"column":4},"end":{"line":15,"column":45}},{"start":{},"end":{}}],"line":15},"2":{"loc":{"start":{"line":19,"column":4},"end":{"line":19,"column":71}},"type":"if","locations":[{"start":{"line":19,"column":4},"end":{"line":19,"column":71}},{"start":{},"end":{}}],"line":19},"3":{"loc":{"start":{"line":19,"column":8},"end":{"line":19,"column":24}},"type":"binary-expr","locations":[{"start":{"line":19,"column":8},"end":{"line":19,"column":14}},{"start":{"line":19,"column":18},"end":{"line":19,"column":24}}],"line":19},"4":{"loc":{"start":{"line":20,"column":4},"end":{"line":20,"column":80}},"type":"if","locations":[{"start":{"line":20,"column":4},"end":{"line":20,"column":80}},{"start":{},"end":{}}],"line":20},"5":{"loc":{"start":{"line":28,"column":4},"end":{"line":28,"column":73}},"type":"if","locations":[{"start":{"line":28,"column":4},"end":{"line":28,"column":73}},{"start":{},"end":{}}],"line":28},"6":{"loc":{"start":{"line":33,"column":4},"end":{"line":35,"column":5}},"type":"if","locations":[{"start":{"line":33,"column":4},"end":{"line":35,"column":5}},{"start":{},"end":{}}],"line":33},"7":{"loc":{"start":{"line":33,"column":8},"end":{"line":33,"column":44}},"type":"binary-expr","locations":[{"start":{"line":33,"column":8},"end":{"line":33,"column":24}},{"start":{"line":33,"column":28},"end":{"line":33,"column":44}}],"line":33},"8":{"loc":{"start":{"line":36,"column":11},"end":{"line":36,"column":41}},"type":"binary-expr","locations":[{"start":{"line":36,"column":11},"end":{"line":36,"column":33}},{"start":{"line":36,"column":37},"end":{"line":36,"column":41}}],"line":36},"9":{"loc":{"start":{"line":43,"column":4},"end":{"line":43,"column":73}},"type":"if","locations":[{"start":{"line":43,"column":4},"end":{"line":43,"column":73}},{"start":{},"end":{}}],"line":43}},"s":{"0":12,"1":12,"2":1,"3":11,"4":10,"5":10,"6":4,"7":6,"8":1,"9":5,"10":5,"11":5,"12":5,"13":2,"14":1,"15":1,"16":1,"17":0,"18":1,"19":3,"20":1,"21":2,"22":3,"23":1,"24":1},"f":{"0":12,"1":12,"2":10,"3":2,"4":1,"5":3,"6":3,"7":1},"b":{"0":[1,11],"1":[10,1],"2":[4,6],"3":[10,7],"4":[1,5],"5":[1,1],"6":[0,1],"7":[1,1],"8":[1,0],"9":[1,2]},"_coverageSchema":"1a1c01bbd47fc00a2c39e90264f33305004495a9","hash":"e5ef6fc295c7c1208df6a84917368ace9312a135"}
}
