TN:
SF:src\graph.js
FN:8,(anonymous_0)
FN:13,(anonymous_1)
FN:18,(anonymous_2)
FN:27,(anonymous_3)
FN:32,(anonymous_4)
FN:42,(anonymous_5)
FN:45,(anonymous_6)
FN:46,(anonymous_7)
FNF:8
FNH:8
FNDA:12,(anonymous_0)
FNDA:12,(anonymous_1)
FNDA:10,(anonymous_2)
FNDA:2,(anonymous_3)
FNDA:1,(anonymous_4)
FNDA:3,(anonymous_5)
FNDA:3,(anonymous_6)
FNDA:1,(anonymous_7)
DA:10,12
DA:14,12
DA:15,11
DA:19,10
DA:20,6
DA:21,5
DA:22,5
DA:23,5
DA:24,5
DA:28,2
DA:29,1
DA:33,1
DA:34,0
DA:36,1
DA:43,3
DA:44,2
DA:45,3
DA:46,1
DA:50,1
LF:19
LH:18
BRDA:14,0,0,1
BRDA:14,0,1,11
BRDA:15,1,0,10
BRDA:15,1,1,1
BRDA:19,2,0,4
BRDA:19,2,1,6
BRDA:19,3,0,10
BRDA:19,3,1,7
BRDA:20,4,0,1
BRDA:20,4,1,5
BRDA:28,5,0,1
BRDA:28,5,1,1
BRDA:33,6,0,0
BRDA:33,6,1,1
BRDA:33,7,0,1
BRDA:33,7,1,1
BRDA:36,8,0,1
BRDA:36,8,1,0
BRDA:43,9,0,1
BRDA:43,9,1,2
BRF:20
BRH:18
end_of_record
